<?xml version="1.0" encoding="UTF-8"?>
<!-- Generated by org.testng.reporters.JUnitXMLReporter -->
<testsuite hostname="AMIT-PC" ignored="2" name="Test" tests="1" failures="0" timestamp="24 Oct 2018 07:19:14 GMT" time="0.125" errors="0">
  <testcase name="@BeforeTest ExtentReportGen" time="0.094" classname="MylesBooking.MylesBooking_Scripts">
    <failure type="java.lang.NoClassDefFoundError" message="freemarker/template/TemplateModelException">
      <![CDATA[java.lang.NoClassDefFoundError: freemarker/template/TemplateModelException
at com.relevantcodes.extentreports.ExtentReports.<init>(ExtentReports.java:86)
at com.relevantcodes.extentreports.ExtentReports.<init>(ExtentReports.java:420)
at MylesBooking.MylesBooking_Scripts.ExtentReportGen(MylesBooking_Scripts.java:32)
Caused by: java.lang.ClassNotFoundException: freemarker.template.TemplateModelException
at java.net.URLClassLoader.findClass(URLClassLoader.java:381)
at java.lang.ClassLoader.loadClass(ClassLoader.java:424)
at sun.misc.Launcher$AppClassLoader.loadClass(Launcher.java:349)
at java.lang.ClassLoader.loadClass(ClassLoader.java:357)
... 27 more
... Removed 24 stack frames]]>
    </failure>
  </testcase> <!-- @BeforeTest ExtentReportGen -->
  <testcase name="@AfterMethod TearDown" time="0.0" classname="MylesBooking.MylesBooking_Scripts">
    <failure type="java.lang.NullPointerException">
      <![CDATA[java.lang.NullPointerException
at MylesBooking.MylesBooking_Scripts.TearDown(MylesBooking_Scripts.java:83)
... Removed 28 stack frames]]>
    </failure>
  </testcase> <!-- @AfterMethod TearDown -->
  <testcase name="fn_MylesBooking" time="0.0" classname="MylesBooking.MylesBooking_Scripts">
    <skipped/>
  </testcase> <!-- fn_MylesBooking -->
  <testcase name="fn_MylesExtension" time="0.0" classname="MylesBooking.MylesBooking_Scripts">
    <ignored/>
  </testcase> <!-- fn_MylesExtension -->
  <testcase name="fn_MylesCancelBooking" time="0.0" classname="MylesBooking.MylesBooking_Scripts">
    <ignored/>
  </testcase> <!-- fn_MylesCancelBooking -->
</testsuite> <!-- Test -->
