<?xml version="1.0" encoding="UTF-8"?>
<!-- Generated by org.testng.reporters.JUnitXMLReporter -->
<testsuite hostname="AMIT-PC" name="Test" tests="1" failures="1" timestamp="17 Dec 2018 09:43:54 GMT" time="25.925" errors="0">
  <testcase name="@AfterMethod TearDown" time="0.0" classname="Insta.InstaScripts">
    <failure type="java.lang.NullPointerException">
      <![CDATA[java.lang.NullPointerException
	at Insta.InstaScripts.TearDown(InstaScripts.java:150)
... Removed 29 stack frames]]>
    </failure>
  </testcase> <!-- @AfterMethod TearDown -->
  <testcase name="fn_DSClose" time="25.816" classname="Insta.InstaScripts">
    <failure type="java.lang.NullPointerException">
      <![CDATA[java.lang.NullPointerException
	at Insta.Insta.DSClose(Insta.java:861)
	at Insta.InstaScripts.fn_DSClose(InstaScripts.java:109)
... Removed 27 stack frames]]>
    </failure>
  </testcase> <!-- fn_DSClose -->
</testsuite> <!-- Test -->
