<?xml version="1.0" encoding="UTF-8"?>
<testsuite xmlns:xsi="http://www.w3.org/2001/XMLSchema-instance" xsi:schemaLocation="https://maven.apache.org/surefire/maven-surefire-plugin/xsd/surefire-test-report.xsd" name="TestSuite" time="26.858" tests="2" errors="0" skipped="0" failures="2">
  <properties>
[...]
</properties>
  <testcase name="fn_DSClose" classname="Insta.InstaScripts" time="25.832">
    <failure type="java.lang.NullPointerException">java.lang.NullPointerException
	at Insta.InstaScripts.fn_DSClose(InstaScripts.java:109)
</failure>
    <system-out><![CDATA[12-20-2018
1152
]]></system-out>
    <system-err><![CDATA[Starting ChromeDriver 2.40.565498 (ea082db3280dd6843ebfb08a625e3eb905c4f5ab) on port 2254
Only local connections are allowed.
]]></system-err>
  </testcase>
  <testcase name="TearDown" classname="Insta.InstaScripts" time="25.833">
    <failure type="java.lang.NullPointerException">java.lang.NullPointerException
	at Insta.InstaScripts.TearDown(InstaScripts.java:150)
</failure>
  </testcase>
</testsuite>